<?xml version="1.0" encoding="UTF-8"?>
<!-- Generated by org.testng.reporters.JUnitReportReporter -->
<testsuite hostname="DESKTOP-BNUNDM5" failures="0" tests="10" name="Tests.SauceDemoTest" time="78.511" errors="0" timestamp="17 mar. 2020 01:30:39 GMT" skipped="0">
  <testcase classname="Tests.SauceDemoTest" name="validateItemsInCartAndOverviewPages" time="10.873"/>
  <testcase classname="Tests.SauceDemoTest" name="openCartPage" time="7.329"/>
  <testcase classname="Tests.SauceDemoTest" name="openMultipleItemsToCart" time="7.788"/>
  <testcase classname="Tests.SauceDemoTest" name="openSingleItemToCart" time="7.257"/>
  <testcase classname="Tests.SauceDemoTest" name="fillMailingInformationWithMissingInfo" time="8.829"/>
  <testcase classname="Tests.SauceDemoTest" name="validUserLogin" time="6.697"/>
  <testcase classname="Tests.SauceDemoTest" name="invalidUserLogin" time="4.839"/>
  <testcase classname="Tests.SauceDemoTest" name="completeOrder" time="9.006"/>
  <testcase classname="Tests.SauceDemoTest" name="fillMailingInformation" time="8.069"/>
  <testcase classname="Tests.SauceDemoTest" name="logoutFromPage" time="7.824"/>
</testsuite> <!-- Tests.SauceDemoTest -->
